<?xml version="1.0" encoding="UTF-8"?>
<!-- Generated by org.testng.reporters.JUnitReportReporter -->
<testsuite hostname="AnuRohit" name="com.renu.testng.Annatations" tests="1" failures="0" timestamp="16 Mar 2019 16:46:49 GMT" time="0.004" errors="0">
  <testcase name="method1" time="0.004" classname="com.renu.testng.Annatations"/>
</testsuite> <!-- com.renu.testng.Annatations -->
