<?xml version="1.0" encoding="UTF-8"?>
<!-- Generated by org.testng.reporters.JUnitReportReporter -->
<testsuite hostname="AnuRohit" name="com.renu.testng.BeforeTestAfterTest" tests="1" failures="0" timestamp="16 Mar 2019 17:15:46 GMT" time="1.930" errors="0">
  <testcase name="appLogin" time="1.930" classname="com.renu.testng.BeforeTestAfterTest"/>
</testsuite> <!-- com.renu.testng.BeforeTestAfterTest -->
