<?xml version="1.0" encoding="UTF-8"?>
<!-- Generated by org.testng.reporters.JUnitReportReporter -->
<testsuite hostname="AnuRohit" name="com.renu.testng.FirstTestNg" tests="1" failures="0" timestamp="16 Mar 2019 16:46:49 GMT" time="0.006" errors="0">
  <testcase name="first" time="0.006" classname="com.renu.testng.FirstTestNg"/>
</testsuite> <!-- com.renu.testng.FirstTestNg -->
