<?xml version="1.0" encoding="UTF-8"?>
<!-- Generated by org.testng.reporters.JUnitReportReporter -->
<testsuite hostname="AnuRohit" name="com.renu.testng.MultipleTestng" tests="3" failures="0" timestamp="16 Mar 2019 16:46:49 GMT" time="0.004" errors="0">
  <testcase name="appClose" time="0.001" classname="com.renu.testng.MultipleTestng"/>
  <testcase name="appLogin" time="0.001" classname="com.renu.testng.MultipleTestng"/>
  <testcase name="appLaunch" time="0.002" classname="com.renu.testng.MultipleTestng"/>
</testsuite> <!-- com.renu.testng.MultipleTestng -->
