<?xml version="1.0" encoding="UTF-8"?>
<!-- Generated by org.testng.reporters.JUnitReportReporter -->
<testsuite hostname="AnuRohit" name="com.renu.testng.BranchCreation" tests="1" failures="0" timestamp="16 Mar 2019 17:49:16 GMT" time="9.539" errors="0">
  <testcase name="branchCreation" time="9.539" classname="com.renu.testng.BranchCreation"/>
</testsuite> <!-- com.renu.testng.BranchCreation -->
