<?xml version="1.0" encoding="UTF-8"?>
<!-- Generated by org.testng.reporters.JUnitReportReporter -->
<testsuite hostname="AnuRohit" name="com.renu.testng.AdminLoginTest" tests="1" failures="0" timestamp="16 Mar 2019 16:46:49 GMT" time="8.623" errors="0">
  <testcase name="adminLogin" time="8.623" classname="com.renu.testng.AdminLoginTest"/>
</testsuite> <!-- com.renu.testng.AdminLoginTest -->
